mode: atomic
codexie.com/w-book-article/article.go:16.13,23.16 6 0
codexie.com/w-book-article/article.go:23.16,24.13 1 0
codexie.com/w-book-article/article.go:26.2,26.15 1 0
codexie.com/w-book-article/article.go:26.15,29.3 2 0
codexie.com/w-book-article/article.go:30.2,32.20 3 0
codexie.com/w-book-article/internal/dao/cache/article_redis.go:24.57,26.2 1 0
codexie.com/w-book-article/internal/dao/cache/article_redis.go:28.112,29.135 1 0
codexie.com/w-book-article/internal/dao/cache/article_redis.go:29.135,31.3 1 0
codexie.com/w-book-article/internal/dao/cache/article_redis.go:33.2,33.12 1 0
codexie.com/w-book-article/internal/dao/cache/article_redis.go:36.105,38.15 2 0
codexie.com/w-book-article/internal/dao/cache/article_redis.go:38.15,40.3 1 0
codexie.com/w-book-article/internal/dao/cache/article_redis.go:41.2,41.83 1 0
codexie.com/w-book-article/internal/dao/cache/article_redis.go:41.83,43.3 1 0
codexie.com/w-book-article/internal/dao/cache/article_redis.go:45.2,45.12 1 0
codexie.com/w-book-article/internal/dao/cache/article_redis.go:48.118,51.15 3 0
codexie.com/w-book-article/internal/dao/cache/article_redis.go:51.15,53.3 1 0
codexie.com/w-book-article/internal/dao/cache/article_redis.go:54.2,55.16 2 0
codexie.com/w-book-article/internal/dao/cache/article_redis.go:55.16,57.3 1 0
codexie.com/w-book-article/internal/dao/cache/article_redis.go:58.2,58.51 1 0
codexie.com/w-book-article/internal/dao/cache/article_redis.go:58.51,60.3 1 0
codexie.com/w-book-article/internal/dao/cache/article_redis.go:62.2,62.17 1 0
codexie.com/w-book-article/internal/dao/cache/article_redis.go:65.101,67.46 2 0
codexie.com/w-book-article/internal/dao/cache/article_redis.go:67.46,69.3 1 0
codexie.com/w-book-article/internal/dao/cache/article_redis.go:70.2,70.31 1 0
codexie.com/w-book-article/internal/dao/cache/article_redis.go:70.31,72.3 1 0
codexie.com/w-book-article/internal/dao/cache/article_redis.go:73.2,74.52 2 0
codexie.com/w-book-article/internal/dao/cache/article_redis.go:74.52,76.3 1 0
codexie.com/w-book-article/internal/dao/cache/article_redis.go:78.2,78.37 1 0
codexie.com/w-book-article/internal/dao/cache/article_redis.go:81.80,82.95 1 0
codexie.com/w-book-article/internal/dao/cache/article_redis.go:82.95,84.3 1 0
codexie.com/w-book-article/internal/dao/cache/article_redis.go:86.2,86.12 1 0
codexie.com/w-book-article/internal/dao/cache/localcache_rank.go:22.46,24.16 2 0
codexie.com/w-book-article/internal/dao/cache/localcache_rank.go:24.16,25.73 1 0
codexie.com/w-book-article/internal/dao/cache/localcache_rank.go:27.2,29.3 1 0
codexie.com/w-book-article/internal/dao/cache/localcache_rank.go:32.95,35.16 2 0
codexie.com/w-book-article/internal/dao/cache/localcache_rank.go:35.16,37.3 1 0
codexie.com/w-book-article/internal/dao/cache/localcache_rank.go:38.2,40.60 3 0
codexie.com/w-book-article/internal/dao/cache/localcache_rank.go:40.60,43.3 2 0
codexie.com/w-book-article/internal/dao/cache/localcache_rank.go:45.2,45.12 1 0
codexie.com/w-book-article/internal/dao/cache/localcache_rank.go:48.93,53.16 5 0
codexie.com/w-book-article/internal/dao/cache/localcache_rank.go:53.16,55.3 1 0
codexie.com/w-book-article/internal/dao/cache/localcache_rank.go:57.2,58.22 2 0
codexie.com/w-book-article/internal/dao/cache/rediscache_rank.go:16.65,18.2 1 0
codexie.com/w-book-article/internal/dao/cache/rediscache_rank.go:20.92,34.27 4 0
codexie.com/w-book-article/internal/dao/cache/rediscache_rank.go:34.27,36.17 2 0
codexie.com/w-book-article/internal/dao/cache/rediscache_rank.go:36.17,38.4 1 0
codexie.com/w-book-article/internal/dao/cache/rediscache_rank.go:39.3,39.34 1 0
codexie.com/w-book-article/internal/dao/cache/rediscache_rank.go:41.2,41.92 1 0
codexie.com/w-book-article/internal/dao/cache/rediscache_rank.go:41.92,43.3 1 0
codexie.com/w-book-article/internal/dao/cache/rediscache_rank.go:45.2,45.12 1 0
codexie.com/w-book-article/internal/dao/cache/rediscache_rank.go:48.94,52.16 3 0
codexie.com/w-book-article/internal/dao/cache/rediscache_rank.go:52.16,54.3 1 0
codexie.com/w-book-article/internal/dao/cache/rediscache_rank.go:55.2,56.39 2 0
codexie.com/w-book-article/internal/dao/cache/rediscache_rank.go:56.39,59.17 3 0
codexie.com/w-book-article/internal/dao/cache/rediscache_rank.go:59.17,61.4 1 0
codexie.com/w-book-article/internal/dao/cache/rediscache_rank.go:62.3,62.21 1 0
codexie.com/w-book-article/internal/dao/cache/rediscache_rank.go:64.2,64.22 1 0
codexie.com/w-book-article/internal/handler/article_handler.go:23.133,29.2 1 0
codexie.com/w-book-article/internal/handler/article_handler.go:31.78,36.45 2 0
codexie.com/w-book-article/internal/handler/article_handler.go:36.45,39.3 2 0
codexie.com/w-book-article/internal/handler/article_handler.go:40.2,50.16 4 0
codexie.com/w-book-article/internal/handler/article_handler.go:50.16,52.3 1 0
codexie.com/w-book-article/internal/handler/article_handler.go:52.8,54.3 1 0
codexie.com/w-book-article/internal/handler/article_handler.go:55.2,55.39 1 0
codexie.com/w-book-article/internal/handler/article_handler.go:58.74,63.45 2 0
codexie.com/w-book-article/internal/handler/article_handler.go:63.45,66.3 2 0
codexie.com/w-book-article/internal/handler/article_handler.go:67.2,78.16 4 0
codexie.com/w-book-article/internal/handler/article_handler.go:78.16,80.3 1 0
codexie.com/w-book-article/internal/handler/article_handler.go:80.8,82.3 1 0
codexie.com/w-book-article/internal/handler/article_handler.go:83.2,83.39 1 0
codexie.com/w-book-article/internal/handler/article_handler.go:86.82,92.16 3 0
codexie.com/w-book-article/internal/handler/article_handler.go:92.16,94.3 1 0
codexie.com/w-book-article/internal/handler/article_handler.go:94.8,96.3 1 0
codexie.com/w-book-article/internal/handler/article_handler.go:97.2,97.39 1 0
codexie.com/w-book-article/internal/handler/article_handler.go:100.75,105.45 2 0
codexie.com/w-book-article/internal/handler/article_handler.go:105.45,108.3 2 0
codexie.com/w-book-article/internal/handler/article_handler.go:109.2,111.16 3 0
codexie.com/w-book-article/internal/handler/article_handler.go:111.16,113.3 1 0
codexie.com/w-book-article/internal/handler/article_handler.go:113.8,115.3 1 0
codexie.com/w-book-article/internal/handler/article_handler.go:116.2,116.39 1 0
codexie.com/w-book-article/internal/handler/article_handler.go:119.78,124.49 2 0
codexie.com/w-book-article/internal/handler/article_handler.go:124.49,127.3 2 0
codexie.com/w-book-article/internal/handler/article_handler.go:129.2,130.16 2 0
codexie.com/w-book-article/internal/handler/article_handler.go:130.16,132.3 1 0
codexie.com/w-book-article/internal/handler/article_handler.go:132.8,134.3 1 0
codexie.com/w-book-article/internal/handler/article_handler.go:135.2,135.39 1 0
codexie.com/w-book-article/internal/handler/routes.go:10.76,43.2 1 0
codexie.com/w-book-article/internal/domain/article_domain.go:37.51,39.2 1 0
codexie.com/w-book-article/internal/domain/article_domain.go:41.54,43.2 1 0
codexie.com/w-book-article/internal/domain/article_domain.go:48.64,50.2 1 0
codexie.com/w-book-article/internal/domain/article_domain.go:53.58,55.2 1 0
codexie.com/w-book-article/internal/domain/article_domain.go:59.52,60.11 1 0
codexie.com/w-book-article/internal/domain/article_domain.go:61.9,62.34 1 0
codexie.com/w-book-article/internal/domain/article_domain.go:63.9,64.32 1 0
codexie.com/w-book-article/internal/domain/article_domain.go:65.9,66.31 1 0
codexie.com/w-book-article/internal/domain/article_domain.go:67.10,68.29 1 0
codexie.com/w-book-article/internal/domain/article_domain.go:71.40,73.2 1 0
codexie.com/w-book-article/internal/dao/db/author_dao.go:27.43,29.2 1 0
codexie.com/w-book-article/internal/dao/db/author_dao.go:31.79,40.25 3 0
codexie.com/w-book-article/internal/dao/db/author_dao.go:40.25,42.3 1 0
codexie.com/w-book-article/internal/dao/db/author_dao.go:43.2,43.30 1 0
codexie.com/w-book-article/internal/dao/db/author_dao.go:43.30,45.3 1 0
codexie.com/w-book-article/internal/dao/db/author_dao.go:46.2,46.12 1 0
codexie.com/w-book-article/internal/dao/db/author_dao.go:49.105,60.70 4 0
codexie.com/w-book-article/internal/dao/db/author_dao.go:60.70,62.3 1 0
codexie.com/w-book-article/internal/dao/db/author_dao.go:64.2,64.22 1 0
codexie.com/w-book-article/internal/dao/db/author_dao.go:67.81,69.53 2 0
codexie.com/w-book-article/internal/dao/db/author_dao.go:69.53,71.3 1 0
codexie.com/w-book-article/internal/dao/db/author_dao.go:72.2,72.21 1 0
codexie.com/w-book-article/internal/dao/db/author_dao.go:75.75,79.53 4 0
codexie.com/w-book-article/internal/dao/db/author_dao.go:79.53,81.3 1 0
codexie.com/w-book-article/internal/dao/db/author_dao.go:83.2,83.12 1 0
codexie.com/w-book-article/internal/dao/db/init.go:5.36,6.51 1 0
codexie.com/w-book-article/internal/dao/db/init.go:6.51,8.3 1 0
codexie.com/w-book-article/internal/dao/db/init.go:9.2,9.60 1 0
codexie.com/w-book-article/internal/dao/db/init.go:9.60,11.3 1 0
codexie.com/w-book-article/internal/dao/db/init.go:12.2,12.12 1 0
codexie.com/w-book-article/internal/dao/db/reader_dao.go:28.60,30.2 1 0
codexie.com/w-book-article/internal/dao/db/reader_dao.go:32.63,34.2 1 0
codexie.com/w-book-article/internal/dao/db/reader_dao.go:41.43,43.2 1 0
codexie.com/w-book-article/internal/dao/db/reader_dao.go:45.88,54.22 2 0
codexie.com/w-book-article/internal/dao/db/reader_dao.go:54.22,56.3 1 0
codexie.com/w-book-article/internal/dao/db/reader_dao.go:57.2,57.27 1 0
codexie.com/w-book-article/internal/dao/db/reader_dao.go:57.27,59.3 1 0
codexie.com/w-book-article/internal/dao/db/reader_dao.go:61.2,61.12 1 0
codexie.com/w-book-article/internal/dao/db/reader_dao.go:64.84,68.53 4 0
codexie.com/w-book-article/internal/dao/db/reader_dao.go:68.53,70.3 1 0
codexie.com/w-book-article/internal/dao/db/reader_dao.go:72.2,72.12 1 0
codexie.com/w-book-article/internal/dao/db/reader_dao.go:75.82,81.41 1 0
codexie.com/w-book-article/internal/dao/db/reader_dao.go:81.41,83.3 1 0
codexie.com/w-book-article/internal/dao/db/reader_dao.go:85.2,85.12 1 0
codexie.com/w-book-article/internal/dao/db/reader_dao.go:88.107,92.18 3 0
codexie.com/w-book-article/internal/dao/db/reader_dao.go:92.18,95.3 1 0
codexie.com/w-book-article/internal/dao/db/reader_dao.go:95.8,98.3 1 0
codexie.com/w-book-article/internal/dao/db/reader_dao.go:100.2,100.80 1 0
codexie.com/w-book-article/internal/dao/db/reader_dao.go:100.80,102.3 1 0
codexie.com/w-book-article/internal/dao/db/reader_dao.go:104.2,104.17 1 0
codexie.com/w-book-article/internal/dao/db/reader_dao.go:107.86,110.16 3 0
codexie.com/w-book-article/internal/dao/db/reader_dao.go:110.16,112.3 1 0
codexie.com/w-book-article/internal/dao/db/reader_dao.go:114.2,115.27 2 0
codexie.com/w-book-article/internal/dao/db/reader_dao.go:115.27,117.3 1 0
codexie.com/w-book-article/internal/dao/db/reader_dao.go:120.2,121.25 2 0
codexie.com/w-book-article/internal/dao/db/reader_dao.go:121.25,122.40 1 0
codexie.com/w-book-article/internal/dao/db/reader_dao.go:122.40,124.4 1 0
codexie.com/w-book-article/internal/dao/db/reader_dao.go:127.2,127.20 1 0
codexie.com/w-book-article/internal/dao/db/reader_dao.go:130.103,138.67 3 0
codexie.com/w-book-article/internal/dao/db/reader_dao.go:138.67,140.3 1 0
codexie.com/w-book-article/internal/dao/db/reader_dao.go:142.2,142.22 1 0
codexie.com/w-book-article/internal/dao/db/reader_dao.go:145.130,153.18 3 0
codexie.com/w-book-article/internal/dao/db/reader_dao.go:153.18,155.3 1 0
codexie.com/w-book-article/internal/dao/db/reader_dao.go:155.8,157.3 1 0
codexie.com/w-book-article/internal/dao/db/reader_dao.go:159.2,159.67 1 0
codexie.com/w-book-article/internal/dao/db/reader_dao.go:159.67,161.3 1 0
codexie.com/w-book-article/internal/dao/db/reader_dao.go:163.2,163.22 1 0
codexie.com/w-book-article/internal/job/ranking_job.go:13.58,17.2 1 0
codexie.com/w-book-article/internal/job/ranking_job.go:19.36,21.2 1 0
codexie.com/w-book-article/internal/job/ranking_job.go:23.38,25.2 1 0
codexie.com/w-book-article/internal/job/ranking_job.go:27.43,29.2 1 0
codexie.com/w-book-article/internal/integration/startup/app.go:17.109,24.2 4 0
codexie.com/w-book-article/internal/integration/startup/db.go:14.28,18.16 4 0
codexie.com/w-book-article/internal/integration/startup/db.go:18.16,19.13 1 0
codexie.com/w-book-article/internal/integration/startup/db.go:22.2,23.15 2 0
codexie.com/w-book-article/internal/integration/startup/db.go:26.33,28.16 2 0
codexie.com/w-book-article/internal/integration/startup/db.go:28.16,29.13 1 0
codexie.com/w-book-article/internal/integration/startup/db.go:31.2,34.16 4 0
codexie.com/w-book-article/internal/integration/startup/db.go:34.16,35.13 1 0
codexie.com/w-book-article/internal/integration/startup/db.go:38.2,39.6 2 0
codexie.com/w-book-article/internal/integration/startup/db.go:39.6,43.17 4 0
codexie.com/w-book-article/internal/integration/startup/db.go:43.17,44.9 1 0
codexie.com/w-book-article/internal/integration/startup/db.go:46.3,47.10 2 0
codexie.com/w-book-article/internal/integration/startup/db.go:47.10,48.46 1 0
codexie.com/w-book-article/internal/integration/startup/db.go:50.3,50.19 1 0
codexie.com/w-book-article/internal/integration/startup/grpc.go:10.67,21.2 4 0
codexie.com/w-book-article/internal/integration/startup/kafka.go:11.38,16.16 5 0
codexie.com/w-book-article/internal/integration/startup/kafka.go:16.16,17.13 1 0
codexie.com/w-book-article/internal/integration/startup/kafka.go:19.2,19.15 1 0
codexie.com/w-book-article/internal/integration/startup/redis.go:9.32,17.16 3 0
codexie.com/w-book-article/internal/integration/startup/redis.go:17.16,18.48 1 0
codexie.com/w-book-article/internal/integration/startup/redis.go:20.2,20.16 1 0
codexie.com/w-book-article/internal/integration/startup/redis_lock.go:9.37,18.2 3 0
codexie.com/w-book-article/internal/integration/startup/wire_gen.go:25.58,46.2 20 0
codexie.com/w-book-article/internal/logic/article_logic.go:27.181,29.2 1 0
codexie.com/w-book-article/internal/logic/article_logic.go:31.92,33.2 1 0
codexie.com/w-book-article/internal/logic/article_logic.go:35.102,38.15 3 0
codexie.com/w-book-article/internal/logic/article_logic.go:38.15,40.31 1 0
codexie.com/w-book-article/internal/logic/article_logic.go:40.31,44.4 3 0
codexie.com/w-book-article/internal/logic/article_logic.go:47.2,47.23 1 0
codexie.com/w-book-article/internal/logic/article_logic.go:47.23,48.78 1 0
codexie.com/w-book-article/internal/logic/article_logic.go:48.78,50.4 1 0
codexie.com/w-book-article/internal/logic/article_logic.go:50.9,50.39 1 0
codexie.com/w-book-article/internal/logic/article_logic.go:50.39,52.4 1 0
codexie.com/w-book-article/internal/logic/article_logic.go:55.2,56.16 2 0
codexie.com/w-book-article/internal/logic/article_logic.go:56.16,58.3 1 0
codexie.com/w-book-article/internal/logic/article_logic.go:60.2,61.25 2 0
codexie.com/w-book-article/internal/logic/article_logic.go:61.25,62.62 1 0
codexie.com/w-book-article/internal/logic/article_logic.go:62.62,64.4 1 0
codexie.com/w-book-article/internal/logic/article_logic.go:67.2,67.15 1 0
codexie.com/w-book-article/internal/logic/article_logic.go:70.104,72.2 1 0
codexie.com/w-book-article/internal/logic/article_logic.go:74.120,76.15 2 0
codexie.com/w-book-article/internal/logic/article_logic.go:76.15,77.17 1 0
codexie.com/w-book-article/internal/logic/article_logic.go:77.17,79.18 2 0
codexie.com/w-book-article/internal/logic/article_logic.go:79.18,82.5 2 0
codexie.com/w-book-article/internal/logic/article_logic.go:83.4,87.21 1 0
codexie.com/w-book-article/internal/logic/article_logic.go:87.21,89.6 1 0
codexie.com/w-book-article/internal/logic/article_logic.go:93.2,93.15 1 0
codexie.com/w-book-article/internal/logic/article_logic.go:93.15,96.17 3 0
codexie.com/w-book-article/internal/logic/article_logic.go:96.17,98.4 1 0
codexie.com/w-book-article/internal/logic/article_logic.go:99.3,100.17 2 0
codexie.com/w-book-article/internal/logic/article_logic.go:100.17,102.4 1 0
codexie.com/w-book-article/internal/logic/article_logic.go:103.3,109.22 6 0
codexie.com/w-book-article/internal/logic/article_logic.go:111.2,111.46 1 0
codexie.com/w-book-article/internal/logic/article_logic.go:114.91,116.16 2 0
codexie.com/w-book-article/internal/logic/article_logic.go:116.16,118.3 1 0
codexie.com/w-book-article/internal/logic/article_logic.go:119.2,119.58 1 0
codexie.com/w-book-article/internal/logic/article_logic.go:122.68,130.2 3 0
codexie.com/w-book-article/internal/logic/ranking_logic.go:27.161,29.2 1 0
codexie.com/w-book-article/internal/logic/ranking_logic.go:32.87,35.6 3 0
codexie.com/w-book-article/internal/logic/ranking_logic.go:35.6,41.89 2 0
codexie.com/w-book-article/internal/logic/ranking_logic.go:41.89,43.4 1 0
codexie.com/w-book-article/internal/logic/ranking_logic.go:45.3,47.28 3 0
codexie.com/w-book-article/internal/logic/ranking_logic.go:47.28,49.4 1 0
codexie.com/w-book-article/internal/logic/ranking_logic.go:50.3,54.17 2 0
codexie.com/w-book-article/internal/logic/ranking_logic.go:54.17,56.4 1 0
codexie.com/w-book-article/internal/logic/ranking_logic.go:57.3,58.43 2 0
codexie.com/w-book-article/internal/logic/ranking_logic.go:58.43,60.4 1 0
codexie.com/w-book-article/internal/logic/ranking_logic.go:61.3,61.28 1 0
codexie.com/w-book-article/internal/logic/ranking_logic.go:61.28,62.37 1 0
codexie.com/w-book-article/internal/logic/ranking_logic.go:62.37,68.19 6 0
codexie.com/w-book-article/internal/logic/ranking_logic.go:68.19,70.6 1 0
codexie.com/w-book-article/internal/logic/ranking_logic.go:74.3,74.28 1 0
codexie.com/w-book-article/internal/logic/ranking_logic.go:74.28,75.9 1 0
codexie.com/w-book-article/internal/logic/ranking_logic.go:79.2,79.31 1 0
codexie.com/w-book-article/internal/logic/ranking_logic.go:82.69,84.16 2 0
codexie.com/w-book-article/internal/logic/ranking_logic.go:84.16,86.3 1 0
codexie.com/w-book-article/internal/logic/ranking_logic.go:88.2,88.48 1 0
codexie.com/w-book-article/internal/logic/ranking_logic.go:91.87,93.16 2 0
codexie.com/w-book-article/internal/logic/ranking_logic.go:93.16,95.3 1 0
codexie.com/w-book-article/internal/logic/ranking_logic.go:97.2,97.18 1 0
codexie.com/w-book-article/internal/svc/servicecontext.go:19.57,24.2 1 0
codexie.com/w-book-article/internal/svc/servicecontext.go:26.74,28.2 1 0
codexie.com/w-book-article/internal/svc/servicecontext.go:30.36,31.55 1 0
codexie.com/w-book-article/internal/svc/servicecontext.go:31.55,33.3 1 0
codexie.com/w-book-article/internal/svc/servicecontext.go:34.2,34.64 1 0
codexie.com/w-book-article/internal/svc/servicecontext.go:34.64,36.3 1 0
codexie.com/w-book-article/internal/svc/servicecontext.go:37.2,37.12 1 0
codexie.com/w-book-article/ioc/app.go:17.135,25.2 4 0
codexie.com/w-book-article/ioc/job.go:12.112,16.2 3 0
codexie.com/w-book-article/ioc/wire_gen.go:26.143,49.2 22 0
codexie.com/w-book-article/internal/repo/author_repo.go:27.96,29.2 1 0
codexie.com/w-book-article/internal/repo/author_repo.go:31.100,36.20 2 0
codexie.com/w-book-article/internal/repo/author_repo.go:36.20,38.3 1 0
codexie.com/w-book-article/internal/repo/author_repo.go:38.8,40.3 1 0
codexie.com/w-book-article/internal/repo/author_repo.go:41.2,41.16 1 0
codexie.com/w-book-article/internal/repo/author_repo.go:41.16,43.3 1 0
codexie.com/w-book-article/internal/repo/author_repo.go:46.2,46.12 1 0
codexie.com/w-book-article/internal/repo/author_repo.go:46.12,48.101 1 0
codexie.com/w-book-article/internal/repo/author_repo.go:48.101,50.4 1 0
codexie.com/w-book-article/internal/repo/author_repo.go:51.3,51.112 1 0
codexie.com/w-book-article/internal/repo/author_repo.go:51.112,53.4 1 0
codexie.com/w-book-article/internal/repo/author_repo.go:55.2,55.26 1 0
codexie.com/w-book-article/internal/repo/author_repo.go:58.125,60.15 2 0
codexie.com/w-book-article/internal/repo/author_repo.go:60.15,62.17 2 0
codexie.com/w-book-article/internal/repo/author_repo.go:62.17,64.4 1 0
codexie.com/w-book-article/internal/repo/author_repo.go:65.3,65.28 1 0
codexie.com/w-book-article/internal/repo/author_repo.go:65.28,67.4 1 0
codexie.com/w-book-article/internal/repo/author_repo.go:68.3,69.61 2 0
codexie.com/w-book-article/internal/repo/author_repo.go:69.61,72.18 2 0
codexie.com/w-book-article/internal/repo/author_repo.go:72.18,74.5 1 0
codexie.com/w-book-article/internal/repo/author_repo.go:75.4,75.37 1 0
codexie.com/w-book-article/internal/repo/author_repo.go:75.37,77.5 1 0
codexie.com/w-book-article/internal/repo/author_repo.go:80.4,80.21 1 0
codexie.com/w-book-article/internal/repo/author_repo.go:80.21,82.5 1 0
codexie.com/w-book-article/internal/repo/author_repo.go:83.4,83.18 1 0
codexie.com/w-book-article/internal/repo/author_repo.go:83.18,85.5 1 0
codexie.com/w-book-article/internal/repo/author_repo.go:86.4,86.19 1 0
codexie.com/w-book-article/internal/repo/author_repo.go:88.3,88.17 1 0
codexie.com/w-book-article/internal/repo/author_repo.go:88.17,90.4 1 0
codexie.com/w-book-article/internal/repo/author_repo.go:92.3,92.18 1 0
codexie.com/w-book-article/internal/repo/author_repo.go:95.2,96.16 2 0
codexie.com/w-book-article/internal/repo/author_repo.go:96.16,98.3 1 0
codexie.com/w-book-article/internal/repo/author_repo.go:99.2,99.35 1 0
codexie.com/w-book-article/internal/repo/author_repo.go:99.35,101.3 1 0
codexie.com/w-book-article/internal/repo/author_repo.go:103.2,103.17 1 0
codexie.com/w-book-article/internal/repo/author_repo.go:106.106,108.16 2 0
codexie.com/w-book-article/internal/repo/author_repo.go:108.16,110.3 1 0
codexie.com/w-book-article/internal/repo/author_repo.go:111.2,111.31 1 0
codexie.com/w-book-article/internal/repo/author_repo.go:111.31,113.3 1 0
codexie.com/w-book-article/internal/repo/author_repo.go:114.2,115.16 2 0
codexie.com/w-book-article/internal/repo/author_repo.go:115.16,117.3 1 0
codexie.com/w-book-article/internal/repo/author_repo.go:118.2,118.34 1 0
codexie.com/w-book-article/internal/repo/author_repo.go:121.55,133.2 1 0
codexie.com/w-book-article/internal/repo/author_repo.go:135.48,143.2 1 0
codexie.com/w-book-article/internal/repo/rank_repo.go:25.85,30.2 1 0
codexie.com/w-book-article/internal/repo/rank_repo.go:32.92,36.63 3 0
codexie.com/w-book-article/internal/repo/rank_repo.go:36.63,39.3 2 0
codexie.com/w-book-article/internal/repo/rank_repo.go:40.2,40.63 1 0
codexie.com/w-book-article/internal/repo/rank_repo.go:40.63,42.3 1 0
codexie.com/w-book-article/internal/repo/rank_repo.go:44.2,44.12 1 0
codexie.com/w-book-article/internal/repo/rank_repo.go:47.87,50.34 3 0
codexie.com/w-book-article/internal/repo/rank_repo.go:50.34,52.3 1 0
codexie.com/w-book-article/internal/repo/rank_repo.go:53.2,53.16 1 0
codexie.com/w-book-article/internal/repo/rank_repo.go:53.16,55.3 1 0
codexie.com/w-book-article/internal/repo/rank_repo.go:57.2,57.67 1 0
codexie.com/w-book-article/internal/repo/rank_repo.go:57.67,60.3 2 0
codexie.com/w-book-article/internal/repo/rank_repo.go:61.2,63.18 2 0
codexie.com/w-book-article/internal/repo/reader_repo.go:30.95,32.2 1 0
codexie.com/w-book-article/internal/repo/reader_repo.go:34.97,45.67 3 0
codexie.com/w-book-article/internal/repo/reader_repo.go:45.67,47.3 1 0
codexie.com/w-book-article/internal/repo/reader_repo.go:49.2,49.106 1 0
codexie.com/w-book-article/internal/repo/reader_repo.go:49.106,51.3 1 0
codexie.com/w-book-article/internal/repo/reader_repo.go:52.2,52.33 1 0
codexie.com/w-book-article/internal/repo/reader_repo.go:55.115,57.16 2 0
codexie.com/w-book-article/internal/repo/reader_repo.go:57.16,59.3 1 0
codexie.com/w-book-article/internal/repo/reader_repo.go:60.2,60.30 1 0
codexie.com/w-book-article/internal/repo/reader_repo.go:60.30,62.3 1 0
codexie.com/w-book-article/internal/repo/reader_repo.go:64.2,66.31 1 0
codexie.com/w-book-article/internal/repo/reader_repo.go:66.31,69.36 2 0
codexie.com/w-book-article/internal/repo/reader_repo.go:69.36,71.5 1 0
codexie.com/w-book-article/internal/repo/reader_repo.go:74.4,74.99 1 0
codexie.com/w-book-article/internal/repo/reader_repo.go:74.99,76.5 1 0
codexie.com/w-book-article/internal/repo/reader_repo.go:79.4,79.45 1 0
codexie.com/w-book-article/internal/repo/reader_repo.go:83.2,83.16 1 0
codexie.com/w-book-article/internal/repo/reader_repo.go:83.16,85.3 1 0
codexie.com/w-book-article/internal/repo/reader_repo.go:87.2,87.38 1 0
codexie.com/w-book-article/internal/repo/reader_repo.go:90.109,92.16 2 0
codexie.com/w-book-article/internal/repo/reader_repo.go:92.16,94.3 1 0
codexie.com/w-book-article/internal/repo/reader_repo.go:95.2,95.45 1 0
codexie.com/w-book-article/internal/repo/reader_repo.go:98.115,100.16 2 0
codexie.com/w-book-article/internal/repo/reader_repo.go:100.16,102.3 1 0
codexie.com/w-book-article/internal/repo/reader_repo.go:103.2,103.45 1 0
codexie.com/w-book-article/internal/repo/reader_repo.go:106.138,108.16 2 0
codexie.com/w-book-article/internal/repo/reader_repo.go:108.16,110.3 1 0
codexie.com/w-book-article/internal/repo/reader_repo.go:111.2,111.45 1 0
codexie.com/w-book-article/internal/repo/reader_repo.go:114.73,126.2 1 0
codexie.com/w-book-article/internal/repo/reader_repo.go:128.79,130.31 2 0
codexie.com/w-book-article/internal/repo/reader_repo.go:130.31,132.3 1 0
codexie.com/w-book-article/internal/repo/reader_repo.go:133.2,133.13 1 0
codexie.com/w-book-article/internal/dao/cache/article_redis.go:24.57,26.2 1 1
codexie.com/w-book-article/internal/dao/cache/article_redis.go:28.112,29.135 1 1
codexie.com/w-book-article/internal/dao/cache/article_redis.go:29.135,31.3 1 0
codexie.com/w-book-article/internal/dao/cache/article_redis.go:33.2,33.12 1 1
codexie.com/w-book-article/internal/dao/cache/article_redis.go:36.105,38.15 2 7
codexie.com/w-book-article/internal/dao/cache/article_redis.go:38.15,40.3 1 3
codexie.com/w-book-article/internal/dao/cache/article_redis.go:41.2,41.83 1 7
codexie.com/w-book-article/internal/dao/cache/article_redis.go:41.83,43.3 1 0
codexie.com/w-book-article/internal/dao/cache/article_redis.go:45.2,45.12 1 7
codexie.com/w-book-article/internal/dao/cache/article_redis.go:48.118,51.15 3 2
codexie.com/w-book-article/internal/dao/cache/article_redis.go:51.15,53.3 1 1
codexie.com/w-book-article/internal/dao/cache/article_redis.go:54.2,55.16 2 2
codexie.com/w-book-article/internal/dao/cache/article_redis.go:55.16,57.3 1 2
codexie.com/w-book-article/internal/dao/cache/article_redis.go:58.2,58.51 1 0
codexie.com/w-book-article/internal/dao/cache/article_redis.go:58.51,60.3 1 0
codexie.com/w-book-article/internal/dao/cache/article_redis.go:62.2,62.17 1 0
codexie.com/w-book-article/internal/dao/cache/article_redis.go:65.101,67.46 2 1
codexie.com/w-book-article/internal/dao/cache/article_redis.go:67.46,69.3 1 0
codexie.com/w-book-article/internal/dao/cache/article_redis.go:70.2,70.31 1 1
codexie.com/w-book-article/internal/dao/cache/article_redis.go:70.31,72.3 1 1
codexie.com/w-book-article/internal/dao/cache/article_redis.go:73.2,74.52 2 0
codexie.com/w-book-article/internal/dao/cache/article_redis.go:74.52,76.3 1 0
codexie.com/w-book-article/internal/dao/cache/article_redis.go:78.2,78.37 1 0
codexie.com/w-book-article/internal/dao/cache/article_redis.go:81.80,82.95 1 4
codexie.com/w-book-article/internal/dao/cache/article_redis.go:82.95,84.3 1 0
codexie.com/w-book-article/internal/dao/cache/article_redis.go:86.2,86.12 1 4
codexie.com/w-book-article/internal/dao/cache/localcache_rank.go:22.46,24.16 2 1
codexie.com/w-book-article/internal/dao/cache/localcache_rank.go:24.16,25.73 1 0
codexie.com/w-book-article/internal/dao/cache/localcache_rank.go:27.2,29.3 1 1
codexie.com/w-book-article/internal/dao/cache/localcache_rank.go:32.95,35.16 2 0
codexie.com/w-book-article/internal/dao/cache/localcache_rank.go:35.16,37.3 1 0
codexie.com/w-book-article/internal/dao/cache/localcache_rank.go:38.2,40.60 3 0
codexie.com/w-book-article/internal/dao/cache/localcache_rank.go:40.60,43.3 2 0
codexie.com/w-book-article/internal/dao/cache/localcache_rank.go:45.2,45.12 1 0
codexie.com/w-book-article/internal/dao/cache/localcache_rank.go:48.93,53.16 5 0
codexie.com/w-book-article/internal/dao/cache/localcache_rank.go:53.16,55.3 1 0
codexie.com/w-book-article/internal/dao/cache/localcache_rank.go:57.2,58.22 2 0
codexie.com/w-book-article/internal/dao/cache/rediscache_rank.go:16.65,18.2 1 1
codexie.com/w-book-article/internal/dao/cache/rediscache_rank.go:20.92,34.27 4 0
codexie.com/w-book-article/internal/dao/cache/rediscache_rank.go:34.27,36.17 2 0
codexie.com/w-book-article/internal/dao/cache/rediscache_rank.go:36.17,38.4 1 0
codexie.com/w-book-article/internal/dao/cache/rediscache_rank.go:39.3,39.34 1 0
codexie.com/w-book-article/internal/dao/cache/rediscache_rank.go:41.2,41.92 1 0
codexie.com/w-book-article/internal/dao/cache/rediscache_rank.go:41.92,43.3 1 0
codexie.com/w-book-article/internal/dao/cache/rediscache_rank.go:45.2,45.12 1 0
codexie.com/w-book-article/internal/dao/cache/rediscache_rank.go:48.94,52.16 3 0
codexie.com/w-book-article/internal/dao/cache/rediscache_rank.go:52.16,54.3 1 0
codexie.com/w-book-article/internal/dao/cache/rediscache_rank.go:55.2,56.39 2 0
codexie.com/w-book-article/internal/dao/cache/rediscache_rank.go:56.39,59.17 3 0
codexie.com/w-book-article/internal/dao/cache/rediscache_rank.go:59.17,61.4 1 0
codexie.com/w-book-article/internal/dao/cache/rediscache_rank.go:62.3,62.21 1 0
codexie.com/w-book-article/internal/dao/cache/rediscache_rank.go:64.2,64.22 1 0
codexie.com/w-book-article/internal/dao/db/author_dao.go:27.43,29.2 1 1
codexie.com/w-book-article/internal/dao/db/author_dao.go:31.79,40.25 3 3
codexie.com/w-book-article/internal/dao/db/author_dao.go:40.25,42.3 1 0
codexie.com/w-book-article/internal/dao/db/author_dao.go:43.2,43.30 1 3
codexie.com/w-book-article/internal/dao/db/author_dao.go:43.30,45.3 1 1
codexie.com/w-book-article/internal/dao/db/author_dao.go:46.2,46.12 1 2
codexie.com/w-book-article/internal/dao/db/author_dao.go:49.105,60.70 4 2
codexie.com/w-book-article/internal/dao/db/author_dao.go:60.70,62.3 1 0
codexie.com/w-book-article/internal/dao/db/author_dao.go:64.2,64.22 1 2
codexie.com/w-book-article/internal/dao/db/author_dao.go:67.81,69.53 2 1
codexie.com/w-book-article/internal/dao/db/author_dao.go:69.53,71.3 1 0
codexie.com/w-book-article/internal/dao/db/author_dao.go:72.2,72.21 1 1
codexie.com/w-book-article/internal/dao/db/author_dao.go:75.75,79.53 4 2
codexie.com/w-book-article/internal/dao/db/author_dao.go:79.53,81.3 1 0
codexie.com/w-book-article/internal/dao/db/author_dao.go:83.2,83.12 1 2
codexie.com/w-book-article/internal/dao/db/init.go:5.36,6.51 1 2
codexie.com/w-book-article/internal/dao/db/init.go:6.51,8.3 1 0
codexie.com/w-book-article/internal/dao/db/init.go:9.2,9.60 1 2
codexie.com/w-book-article/internal/dao/db/init.go:9.60,11.3 1 0
codexie.com/w-book-article/internal/dao/db/init.go:12.2,12.12 1 2
codexie.com/w-book-article/internal/dao/db/reader_dao.go:28.60,30.2 1 0
codexie.com/w-book-article/internal/dao/db/reader_dao.go:32.63,34.2 1 0
codexie.com/w-book-article/internal/dao/db/reader_dao.go:41.43,43.2 1 1
codexie.com/w-book-article/internal/dao/db/reader_dao.go:45.88,54.22 2 0
codexie.com/w-book-article/internal/dao/db/reader_dao.go:54.22,56.3 1 0
codexie.com/w-book-article/internal/dao/db/reader_dao.go:57.2,57.27 1 0
codexie.com/w-book-article/internal/dao/db/reader_dao.go:57.27,59.3 1 0
codexie.com/w-book-article/internal/dao/db/reader_dao.go:61.2,61.12 1 0
codexie.com/w-book-article/internal/dao/db/reader_dao.go:64.84,68.53 4 0
codexie.com/w-book-article/internal/dao/db/reader_dao.go:68.53,70.3 1 0
codexie.com/w-book-article/internal/dao/db/reader_dao.go:72.2,72.12 1 0
codexie.com/w-book-article/internal/dao/db/reader_dao.go:75.82,81.41 1 2
codexie.com/w-book-article/internal/dao/db/reader_dao.go:81.41,83.3 1 0
codexie.com/w-book-article/internal/dao/db/reader_dao.go:85.2,85.12 1 2
codexie.com/w-book-article/internal/dao/db/reader_dao.go:88.107,92.18 3 1
codexie.com/w-book-article/internal/dao/db/reader_dao.go:92.18,95.3 1 0
codexie.com/w-book-article/internal/dao/db/reader_dao.go:95.8,98.3 1 1
codexie.com/w-book-article/internal/dao/db/reader_dao.go:100.2,100.80 1 1
codexie.com/w-book-article/internal/dao/db/reader_dao.go:100.80,102.3 1 0
codexie.com/w-book-article/internal/dao/db/reader_dao.go:104.2,104.17 1 1
codexie.com/w-book-article/internal/dao/db/reader_dao.go:107.86,110.16 3 0
codexie.com/w-book-article/internal/dao/db/reader_dao.go:110.16,112.3 1 0
codexie.com/w-book-article/internal/dao/db/reader_dao.go:114.2,115.27 2 0
codexie.com/w-book-article/internal/dao/db/reader_dao.go:115.27,117.3 1 0
codexie.com/w-book-article/internal/dao/db/reader_dao.go:120.2,121.25 2 0
codexie.com/w-book-article/internal/dao/db/reader_dao.go:121.25,122.40 1 0
codexie.com/w-book-article/internal/dao/db/reader_dao.go:122.40,124.4 1 0
codexie.com/w-book-article/internal/dao/db/reader_dao.go:127.2,127.20 1 0
codexie.com/w-book-article/internal/dao/db/reader_dao.go:130.103,138.67 3 0
codexie.com/w-book-article/internal/dao/db/reader_dao.go:138.67,140.3 1 0
codexie.com/w-book-article/internal/dao/db/reader_dao.go:142.2,142.22 1 0
codexie.com/w-book-article/internal/dao/db/reader_dao.go:145.130,153.18 3 0
codexie.com/w-book-article/internal/dao/db/reader_dao.go:153.18,155.3 1 0
codexie.com/w-book-article/internal/dao/db/reader_dao.go:155.8,157.3 1 0
codexie.com/w-book-article/internal/dao/db/reader_dao.go:159.2,159.67 1 0
codexie.com/w-book-article/internal/dao/db/reader_dao.go:159.67,161.3 1 0
codexie.com/w-book-article/internal/dao/db/reader_dao.go:163.2,163.22 1 0
codexie.com/w-book-article/internal/domain/article_domain.go:37.51,39.2 1 7
codexie.com/w-book-article/internal/domain/article_domain.go:41.54,43.2 1 0
codexie.com/w-book-article/internal/domain/article_domain.go:48.64,50.2 1 1
codexie.com/w-book-article/internal/domain/article_domain.go:53.58,55.2 1 0
codexie.com/w-book-article/internal/domain/article_domain.go:59.52,60.11 1 11
codexie.com/w-book-article/internal/domain/article_domain.go:61.9,62.34 1 0
codexie.com/w-book-article/internal/domain/article_domain.go:63.9,64.32 1 4
codexie.com/w-book-article/internal/domain/article_domain.go:65.9,66.31 1 0
codexie.com/w-book-article/internal/domain/article_domain.go:67.10,68.29 1 7
codexie.com/w-book-article/internal/domain/article_domain.go:71.40,73.2 1 0
codexie.com/w-book-article/internal/handler/article_handler.go:23.133,29.2 1 1
codexie.com/w-book-article/internal/handler/article_handler.go:31.78,36.45 2 3
codexie.com/w-book-article/internal/handler/article_handler.go:36.45,39.3 2 0
codexie.com/w-book-article/internal/handler/article_handler.go:40.2,50.16 4 3
codexie.com/w-book-article/internal/handler/article_handler.go:50.16,52.3 1 1
codexie.com/w-book-article/internal/handler/article_handler.go:52.8,54.3 1 2
codexie.com/w-book-article/internal/handler/article_handler.go:55.2,55.39 1 3
codexie.com/w-book-article/internal/handler/article_handler.go:58.74,63.45 2 2
codexie.com/w-book-article/internal/handler/article_handler.go:63.45,66.3 2 0
codexie.com/w-book-article/internal/handler/article_handler.go:67.2,78.16 4 2
codexie.com/w-book-article/internal/handler/article_handler.go:78.16,80.3 1 0
codexie.com/w-book-article/internal/handler/article_handler.go:80.8,82.3 1 2
codexie.com/w-book-article/internal/handler/article_handler.go:83.2,83.39 1 2
codexie.com/w-book-article/internal/handler/article_handler.go:86.82,92.16 3 0
codexie.com/w-book-article/internal/handler/article_handler.go:92.16,94.3 1 0
codexie.com/w-book-article/internal/handler/article_handler.go:94.8,96.3 1 0
codexie.com/w-book-article/internal/handler/article_handler.go:97.2,97.39 1 0
codexie.com/w-book-article/internal/handler/article_handler.go:100.75,105.45 2 2
codexie.com/w-book-article/internal/handler/article_handler.go:105.45,108.3 2 0
codexie.com/w-book-article/internal/handler/article_handler.go:109.2,111.16 3 2
codexie.com/w-book-article/internal/handler/article_handler.go:111.16,113.3 1 0
codexie.com/w-book-article/internal/handler/article_handler.go:113.8,115.3 1 2
codexie.com/w-book-article/internal/handler/article_handler.go:116.2,116.39 1 2
codexie.com/w-book-article/internal/handler/article_handler.go:119.78,124.49 2 1
codexie.com/w-book-article/internal/handler/article_handler.go:124.49,127.3 2 0
codexie.com/w-book-article/internal/handler/article_handler.go:129.2,130.16 2 1
codexie.com/w-book-article/internal/handler/article_handler.go:130.16,132.3 1 0
codexie.com/w-book-article/internal/handler/article_handler.go:132.8,134.3 1 1
codexie.com/w-book-article/internal/handler/article_handler.go:135.2,135.39 1 1
codexie.com/w-book-article/internal/handler/routes.go:10.76,43.2 1 1
codexie.com/w-book-article/internal/integration/startup/app.go:17.109,24.2 4 1
codexie.com/w-book-article/internal/integration/startup/db.go:14.28,18.16 4 2
codexie.com/w-book-article/internal/integration/startup/db.go:18.16,19.13 1 0
codexie.com/w-book-article/internal/integration/startup/db.go:22.2,23.15 2 2
codexie.com/w-book-article/internal/integration/startup/db.go:26.33,28.16 2 2
codexie.com/w-book-article/internal/integration/startup/db.go:28.16,29.13 1 0
codexie.com/w-book-article/internal/integration/startup/db.go:31.2,34.16 4 2
codexie.com/w-book-article/internal/integration/startup/db.go:34.16,35.13 1 0
codexie.com/w-book-article/internal/integration/startup/db.go:38.2,39.6 2 2
codexie.com/w-book-article/internal/integration/startup/db.go:39.6,43.17 4 5
codexie.com/w-book-article/internal/integration/startup/db.go:43.17,44.9 1 2
codexie.com/w-book-article/internal/integration/startup/db.go:46.3,47.10 2 3
codexie.com/w-book-article/internal/integration/startup/db.go:47.10,48.46 1 0
codexie.com/w-book-article/internal/integration/startup/db.go:50.3,50.19 1 3
codexie.com/w-book-article/internal/integration/startup/grpc.go:10.67,21.2 4 1
codexie.com/w-book-article/internal/integration/startup/kafka.go:11.38,16.16 5 1
codexie.com/w-book-article/internal/integration/startup/kafka.go:16.16,17.13 1 0
codexie.com/w-book-article/internal/integration/startup/kafka.go:19.2,19.15 1 1
codexie.com/w-book-article/internal/integration/startup/redis.go:9.32,17.16 3 2
codexie.com/w-book-article/internal/integration/startup/redis.go:17.16,18.48 1 0
codexie.com/w-book-article/internal/integration/startup/redis.go:20.2,20.16 1 2
codexie.com/w-book-article/internal/integration/startup/redis_lock.go:9.37,18.2 3 1
codexie.com/w-book-article/internal/integration/startup/wire_gen.go:25.58,46.2 20 1
codexie.com/w-book-article/internal/logic/article_logic.go:27.181,29.2 1 1
codexie.com/w-book-article/internal/logic/article_logic.go:31.92,33.2 1 3
codexie.com/w-book-article/internal/logic/article_logic.go:35.102,38.15 3 2
codexie.com/w-book-article/internal/logic/article_logic.go:38.15,40.31 1 2
codexie.com/w-book-article/internal/logic/article_logic.go:40.31,44.4 3 1
codexie.com/w-book-article/internal/logic/article_logic.go:47.2,47.23 1 2
codexie.com/w-book-article/internal/logic/article_logic.go:47.23,48.78 1 1
codexie.com/w-book-article/internal/logic/article_logic.go:48.78,50.4 1 0
codexie.com/w-book-article/internal/logic/article_logic.go:50.9,50.39 1 1
codexie.com/w-book-article/internal/logic/article_logic.go:50.39,52.4 1 1
codexie.com/w-book-article/internal/logic/article_logic.go:55.2,56.16 2 2
codexie.com/w-book-article/internal/logic/article_logic.go:56.16,58.3 1 0
codexie.com/w-book-article/internal/logic/article_logic.go:60.2,61.25 2 2
codexie.com/w-book-article/internal/logic/article_logic.go:61.25,62.62 1 2
codexie.com/w-book-article/internal/logic/article_logic.go:62.62,64.4 1 2
codexie.com/w-book-article/internal/logic/article_logic.go:67.2,67.15 1 0
codexie.com/w-book-article/internal/logic/article_logic.go:70.104,72.2 1 2
codexie.com/w-book-article/internal/logic/article_logic.go:74.120,76.15 2 1
codexie.com/w-book-article/internal/logic/article_logic.go:76.15,77.17 1 1
codexie.com/w-book-article/internal/logic/article_logic.go:77.17,79.18 2 1
codexie.com/w-book-article/internal/logic/article_logic.go:79.18,82.5 2 0
codexie.com/w-book-article/internal/logic/article_logic.go:83.4,87.21 1 1
codexie.com/w-book-article/internal/logic/article_logic.go:87.21,89.6 1 0
codexie.com/w-book-article/internal/logic/article_logic.go:93.2,93.15 1 1
codexie.com/w-book-article/internal/logic/article_logic.go:93.15,96.17 3 0
codexie.com/w-book-article/internal/logic/article_logic.go:96.17,98.4 1 0
codexie.com/w-book-article/internal/logic/article_logic.go:99.3,100.17 2 0
codexie.com/w-book-article/internal/logic/article_logic.go:100.17,102.4 1 0
codexie.com/w-book-article/internal/logic/article_logic.go:103.3,109.22 6 0
codexie.com/w-book-article/internal/logic/article_logic.go:111.2,111.46 1 1
codexie.com/w-book-article/internal/logic/article_logic.go:114.91,116.16 2 0
codexie.com/w-book-article/internal/logic/article_logic.go:116.16,118.3 1 0
codexie.com/w-book-article/internal/logic/article_logic.go:119.2,119.58 1 0
codexie.com/w-book-article/internal/logic/article_logic.go:122.68,130.2 3 2
codexie.com/w-book-article/internal/logic/ranking_logic.go:27.161,29.2 1 1
codexie.com/w-book-article/internal/logic/ranking_logic.go:32.87,35.6 3 0
codexie.com/w-book-article/internal/logic/ranking_logic.go:35.6,41.89 2 0
codexie.com/w-book-article/internal/logic/ranking_logic.go:41.89,43.4 1 0
codexie.com/w-book-article/internal/logic/ranking_logic.go:45.3,47.28 3 0
codexie.com/w-book-article/internal/logic/ranking_logic.go:47.28,49.4 1 0
codexie.com/w-book-article/internal/logic/ranking_logic.go:50.3,54.17 2 0
codexie.com/w-book-article/internal/logic/ranking_logic.go:54.17,56.4 1 0
codexie.com/w-book-article/internal/logic/ranking_logic.go:57.3,58.43 2 0
codexie.com/w-book-article/internal/logic/ranking_logic.go:58.43,60.4 1 0
codexie.com/w-book-article/internal/logic/ranking_logic.go:61.3,61.28 1 0
codexie.com/w-book-article/internal/logic/ranking_logic.go:61.28,62.37 1 0
codexie.com/w-book-article/internal/logic/ranking_logic.go:62.37,68.19 6 0
codexie.com/w-book-article/internal/logic/ranking_logic.go:68.19,70.6 1 0
codexie.com/w-book-article/internal/logic/ranking_logic.go:74.3,74.28 1 0
codexie.com/w-book-article/internal/logic/ranking_logic.go:74.28,75.9 1 0
codexie.com/w-book-article/internal/logic/ranking_logic.go:79.2,79.31 1 0
codexie.com/w-book-article/internal/logic/ranking_logic.go:82.69,84.16 2 0
codexie.com/w-book-article/internal/logic/ranking_logic.go:84.16,86.3 1 0
codexie.com/w-book-article/internal/logic/ranking_logic.go:88.2,88.48 1 0
codexie.com/w-book-article/internal/logic/ranking_logic.go:91.87,93.16 2 0
codexie.com/w-book-article/internal/logic/ranking_logic.go:93.16,95.3 1 0
codexie.com/w-book-article/internal/logic/ranking_logic.go:97.2,97.18 1 0
codexie.com/w-book-article/internal/repo/author_repo.go:27.96,29.2 1 1
codexie.com/w-book-article/internal/repo/author_repo.go:31.100,36.20 2 5
codexie.com/w-book-article/internal/repo/author_repo.go:36.20,38.3 1 3
codexie.com/w-book-article/internal/repo/author_repo.go:38.8,40.3 1 2
codexie.com/w-book-article/internal/repo/author_repo.go:41.2,41.16 1 5
codexie.com/w-book-article/internal/repo/author_repo.go:41.16,43.3 1 1
codexie.com/w-book-article/internal/repo/author_repo.go:46.2,46.12 1 4
codexie.com/w-book-article/internal/repo/author_repo.go:46.12,48.101 1 4
codexie.com/w-book-article/internal/repo/author_repo.go:48.101,50.4 1 0
codexie.com/w-book-article/internal/repo/author_repo.go:51.3,51.112 1 4
codexie.com/w-book-article/internal/repo/author_repo.go:51.112,53.4 1 0
codexie.com/w-book-article/internal/repo/author_repo.go:55.2,55.26 1 4
codexie.com/w-book-article/internal/repo/author_repo.go:58.125,60.15 2 2
codexie.com/w-book-article/internal/repo/author_repo.go:60.15,62.17 2 1
codexie.com/w-book-article/internal/repo/author_repo.go:62.17,64.4 1 0
codexie.com/w-book-article/internal/repo/author_repo.go:65.3,65.28 1 1
codexie.com/w-book-article/internal/repo/author_repo.go:65.28,67.4 1 0
codexie.com/w-book-article/internal/repo/author_repo.go:68.3,69.61 2 1
codexie.com/w-book-article/internal/repo/author_repo.go:69.61,72.18 2 1
codexie.com/w-book-article/internal/repo/author_repo.go:72.18,74.5 1 0
codexie.com/w-book-article/internal/repo/author_repo.go:75.4,75.37 1 1
codexie.com/w-book-article/internal/repo/author_repo.go:75.37,77.5 1 1
codexie.com/w-book-article/internal/repo/author_repo.go:80.4,80.21 1 1
codexie.com/w-book-article/internal/repo/author_repo.go:80.21,82.5 1 1
codexie.com/w-book-article/internal/repo/author_repo.go:83.4,83.18 1 1
codexie.com/w-book-article/internal/repo/author_repo.go:83.18,85.5 1 0
codexie.com/w-book-article/internal/repo/author_repo.go:86.4,86.19 1 1
codexie.com/w-book-article/internal/repo/author_repo.go:88.3,88.17 1 1
codexie.com/w-book-article/internal/repo/author_repo.go:88.17,90.4 1 0
codexie.com/w-book-article/internal/repo/author_repo.go:92.3,92.18 1 1
codexie.com/w-book-article/internal/repo/author_repo.go:95.2,96.16 2 1
codexie.com/w-book-article/internal/repo/author_repo.go:96.16,98.3 1 0
codexie.com/w-book-article/internal/repo/author_repo.go:99.2,99.35 1 1
codexie.com/w-book-article/internal/repo/author_repo.go:99.35,101.3 1 1
codexie.com/w-book-article/internal/repo/author_repo.go:103.2,103.17 1 1
codexie.com/w-book-article/internal/repo/author_repo.go:106.106,108.16 2 1
codexie.com/w-book-article/internal/repo/author_repo.go:108.16,110.3 1 1
codexie.com/w-book-article/internal/repo/author_repo.go:111.2,111.31 1 1
codexie.com/w-book-article/internal/repo/author_repo.go:111.31,113.3 1 0
codexie.com/w-book-article/internal/repo/author_repo.go:114.2,115.16 2 1
codexie.com/w-book-article/internal/repo/author_repo.go:115.16,117.3 1 0
codexie.com/w-book-article/internal/repo/author_repo.go:118.2,118.34 1 1
codexie.com/w-book-article/internal/repo/author_repo.go:121.55,133.2 1 7
codexie.com/w-book-article/internal/repo/author_repo.go:135.48,143.2 1 5
codexie.com/w-book-article/internal/repo/rank_repo.go:25.85,30.2 1 1
codexie.com/w-book-article/internal/repo/rank_repo.go:32.92,36.63 3 0
codexie.com/w-book-article/internal/repo/rank_repo.go:36.63,39.3 2 0
codexie.com/w-book-article/internal/repo/rank_repo.go:40.2,40.63 1 0
codexie.com/w-book-article/internal/repo/rank_repo.go:40.63,42.3 1 0
codexie.com/w-book-article/internal/repo/rank_repo.go:44.2,44.12 1 0
codexie.com/w-book-article/internal/repo/rank_repo.go:47.87,50.34 3 0
codexie.com/w-book-article/internal/repo/rank_repo.go:50.34,52.3 1 0
codexie.com/w-book-article/internal/repo/rank_repo.go:53.2,53.16 1 0
codexie.com/w-book-article/internal/repo/rank_repo.go:53.16,55.3 1 0
codexie.com/w-book-article/internal/repo/rank_repo.go:57.2,57.67 1 0
codexie.com/w-book-article/internal/repo/rank_repo.go:57.67,60.3 2 0
codexie.com/w-book-article/internal/repo/rank_repo.go:61.2,63.18 2 0
codexie.com/w-book-article/internal/repo/reader_repo.go:30.95,32.2 1 1
codexie.com/w-book-article/internal/repo/reader_repo.go:34.97,45.67 3 2
codexie.com/w-book-article/internal/repo/reader_repo.go:45.67,47.3 1 0
codexie.com/w-book-article/internal/repo/reader_repo.go:49.2,49.106 1 2
codexie.com/w-book-article/internal/repo/reader_repo.go:49.106,51.3 1 0
codexie.com/w-book-article/internal/repo/reader_repo.go:52.2,52.33 1 2
codexie.com/w-book-article/internal/repo/reader_repo.go:55.115,57.16 2 1
codexie.com/w-book-article/internal/repo/reader_repo.go:57.16,59.3 1 1
codexie.com/w-book-article/internal/repo/reader_repo.go:60.2,60.30 1 1
codexie.com/w-book-article/internal/repo/reader_repo.go:60.30,62.3 1 0
codexie.com/w-book-article/internal/repo/reader_repo.go:64.2,66.31 1 1
codexie.com/w-book-article/internal/repo/reader_repo.go:66.31,69.36 2 1
codexie.com/w-book-article/internal/repo/reader_repo.go:69.36,71.5 1 0
codexie.com/w-book-article/internal/repo/reader_repo.go:74.4,74.99 1 1
codexie.com/w-book-article/internal/repo/reader_repo.go:74.99,76.5 1 0
codexie.com/w-book-article/internal/repo/reader_repo.go:79.4,79.45 1 1
codexie.com/w-book-article/internal/repo/reader_repo.go:83.2,83.16 1 1
codexie.com/w-book-article/internal/repo/reader_repo.go:83.16,85.3 1 0
codexie.com/w-book-article/internal/repo/reader_repo.go:87.2,87.38 1 1
codexie.com/w-book-article/internal/repo/reader_repo.go:90.109,92.16 2 0
codexie.com/w-book-article/internal/repo/reader_repo.go:92.16,94.3 1 0
codexie.com/w-book-article/internal/repo/reader_repo.go:95.2,95.45 1 0
codexie.com/w-book-article/internal/repo/reader_repo.go:98.115,100.16 2 0
codexie.com/w-book-article/internal/repo/reader_repo.go:100.16,102.3 1 0
codexie.com/w-book-article/internal/repo/reader_repo.go:103.2,103.45 1 0
codexie.com/w-book-article/internal/repo/reader_repo.go:106.138,108.16 2 0
codexie.com/w-book-article/internal/repo/reader_repo.go:108.16,110.3 1 0
codexie.com/w-book-article/internal/repo/reader_repo.go:111.2,111.45 1 0
codexie.com/w-book-article/internal/repo/reader_repo.go:114.73,126.2 1 4
codexie.com/w-book-article/internal/repo/reader_repo.go:128.79,130.31 2 0
codexie.com/w-book-article/internal/repo/reader_repo.go:130.31,132.3 1 0
codexie.com/w-book-article/internal/repo/reader_repo.go:133.2,133.13 1 0
codexie.com/w-book-article/internal/svc/servicecontext.go:19.57,24.2 1 1
codexie.com/w-book-article/internal/svc/servicecontext.go:26.74,28.2 1 0
codexie.com/w-book-article/internal/svc/servicecontext.go:30.36,31.55 1 0
codexie.com/w-book-article/internal/svc/servicecontext.go:31.55,33.3 1 0
codexie.com/w-book-article/internal/svc/servicecontext.go:34.2,34.64 1 0
codexie.com/w-book-article/internal/svc/servicecontext.go:34.64,36.3 1 0
codexie.com/w-book-article/internal/svc/servicecontext.go:37.2,37.12 1 0
